script.js:17 a 10.65234375 11 0
script.js:24 b 12 17 0
script.js:31 c 10.65234375 11 0
script.js:38 d 12 17 0
script.js:45 e 10.65234375 11 0
script.js:52 f 7.9921875 17 0
script.js:59 g 12 11 5
script.js:66 h 12 17 0
script.js:73 i 6.66796875 17 0
script.js:80 j 6.66796875 17 5
script.js:87 k 12 17 0
script.js:94 l 6.66796875 17 0
script.js:101 m 18.66796875 11 0
script.js:108 n 12 11 0
script.js:115 o 12 11 0
script.js:122 p 12 11 5
script.js:129 q 12 11 5
script.js:136 r 7.9921875 11 0
script.js:143 s 9.33984375 11 0
script.js:150 t 6.66796875 15 0
script.js:157 u 12 11 0
script.js:164 v 12 11 0
script.js:171 w 17.33203125 11 0
script.js:178 x 12 11 0
script.js:185 y 12 11 5
script.js:192 z 10.65234375 11 0
script.js:199 A 17.33203125 16 0
script.js:206 B 16.0078125 16 0
script.js:213 C 16.0078125 16 0
script.js:220 D 17.33203125 16 0
script.js:227 E 14.66015625 16 0
script.js:234 F 13.34765625 16 0
script.js:241 G 17.33203125 16 0
script.js:248 H 17.33203125 16 0
script.js:255 I 7.9921875 16 0
script.js:262 J 9.33984375 16 0
script.js:269 K 17.33203125 16 0
script.js:276 L 14.66015625 16 0
script.js:283 M 21.33984375 16 0
script.js:290 N 17.33203125 16 0
script.js:297 O 17.33203125 16 0
script.js:304 P 13.34765625 16 0
script.js:311 Q 17.33203125 16 5
script.js:318 R 16.0078125 16 0
script.js:325 S 13.34765625 16 0
script.js:332 T 14.66015625 16 0
script.js:339 U 17.33203125 16 0
script.js:346 V 17.33203125 16 0
script.js:353 W 22.65234375 16 0
script.js:360 X 17.33203125 16 0
script.js:367 Y 17.33203125 16 0
script.js:374 Z 14.66015625 16 0
script.js:381 0 12 16 0
script.js:388 1 12 16 0
script.js:395 2 12 16 0
script.js:402 3 12 16 0
script.js:409 4 12 16 0
script.js:416 5 12 16 0
script.js:423 6 12 16 0
script.js:430 7 12 16 0
script.js:437 8 12 16 0
script.js:444 9 12 16 0
script.js:451 ~ 12.984375 8 -5
script.js:458 ! 7.9921875 16 0
script.js:465 @ 22.1015625 17 5
script.js:472 # 12 16 0
script.js:479 $ 12 17 2
script.js:486 % 19.9921875 16 0
script.js:493 ^ 11.26171875 16 -8
script.js:500 & 18.66796875 16 0
script.js:507 * 12 17 -7
script.js:514 ( 7.9921875 17 5
script.js:521 ) 7.9921875 17 5
script.js:528 _ 12 -4 5
script.js:535 + 13.53515625 14 -1
script.js:542 ' 4.32421875 16 -9
script.js:549 " 9.796875 16 -9
script.js:556 ; 6.66796875 11 4
script.js:563 : 6.66796875 11 0
script.js:570 ? 10.65234375 16 0
script.js:577 - 7.9921875 6 -4
script.js:584 = 13.53515625 10 -6
script.js:591 \ 6.66796875 17 0
script.js:598 / 6.66796875 17 0
script.js:605 | 4.8046875 17 5
script.js:612 < 13.53515625 14 -2
script.js:619 > 13.53515625 14 -2
script.js:626 . 6 3 0
script.js:633 , 6 3 4
script.js:640 { 11.51953125 17 5
script.js:647 } 11.51953125 17 5
script.js:654 [ 7.9921875 17 5
script.js:661 ] 7.9921875 17 5
